<?xml version="1.0" encoding="UTF-8"?>
<testng-results ignored="0" total="1" passed="1" failed="0" skipped="0">
  <reporter-output>
  </reporter-output>
  <suite started-at="2022-03-16T14:06:01 IST" name="Suite" finished-at="2022-03-16T14:06:16 IST" duration-ms="15042">
    <groups>
    </groups>
    <test started-at="2022-03-16T14:06:01 IST" name="Test" finished-at="2022-03-16T14:06:16 IST" duration-ms="15042">
      <class name="com.assigment.tests.Ass1Test">
        <test-method is-config="true" signature="launchUrl()[pri:0, instance:com.assigment.tests.Ass1Test@1caa0244]" started-at="2022-03-16T14:06:01 IST" name="launchUrl" finished-at="2022-03-16T14:06:11 IST" duration-ms="9594" status="PASS">
          <reporter-output>
          </reporter-output>
        </test-method> <!-- launchUrl -->
        <test-method is-config="true" signature="setProperty()[pri:0, instance:com.assigment.tests.Ass1Test@1caa0244]" started-at="2022-03-16T14:06:11 IST" name="setProperty" finished-at="2022-03-16T14:06:11 IST" duration-ms="0" status="PASS">
          <reporter-output>
          </reporter-output>
        </test-method> <!-- setProperty -->
        <test-method signature="Guru99()[pri:0, instance:com.assigment.tests.Ass1Test@1caa0244]" started-at="2022-03-16T14:06:11 IST" name="Guru99" finished-at="2022-03-16T14:06:15 IST" duration-ms="4463" status="PASS">
          <reporter-output>
          </reporter-output>
        </test-method> <!-- Guru99 -->
        <test-method is-config="true" signature="closeBrowser()[pri:0, instance:com.assigment.tests.Ass1Test@1caa0244]" started-at="2022-03-16T14:06:15 IST" name="closeBrowser" finished-at="2022-03-16T14:06:16 IST" duration-ms="920" status="PASS">
          <reporter-output>
          </reporter-output>
        </test-method> <!-- closeBrowser -->
      </class> <!-- com.assigment.tests.Ass1Test -->
    </test> <!-- Test -->
  </suite> <!-- Suite -->
</testng-results>
