<?xml version="1.0" encoding="UTF-8"?>
<testng-results ignored="0" total="1" passed="1" failed="0" skipped="0">
  <reporter-output>
  </reporter-output>
  <suite started-at="2022-03-16T16:13:25 IST" name="Default suite" finished-at="2022-03-16T16:13:41 IST" duration-ms="15817">
    <groups>
    </groups>
    <test started-at="2022-03-16T16:13:25 IST" name="Default test" finished-at="2022-03-16T16:13:41 IST" duration-ms="15817">
      <class name="com.assigment.tests.Ass1Test">
        <test-method is-config="true" signature="launchUrl()[pri:0, instance:com.assigment.tests.Ass1Test@1caa0244]" started-at="2022-03-16T16:13:25 IST" name="launchUrl" finished-at="2022-03-16T16:13:35 IST" duration-ms="10212" status="PASS">
          <reporter-output>
          </reporter-output>
        </test-method> <!-- launchUrl -->
        <test-method is-config="true" signature="setProperty()[pri:0, instance:com.assigment.tests.Ass1Test@1caa0244]" started-at="2022-03-16T16:13:35 IST" name="setProperty" finished-at="2022-03-16T16:13:35 IST" duration-ms="338" status="PASS">
          <reporter-output>
          </reporter-output>
        </test-method> <!-- setProperty -->
        <test-method signature="SelectName()[pri:0, instance:com.assigment.tests.Ass1Test@1caa0244]" started-at="2022-03-16T16:13:35 IST" name="SelectName" finished-at="2022-03-16T16:13:40 IST" duration-ms="4743" status="PASS">
          <reporter-output>
          </reporter-output>
        </test-method> <!-- SelectName -->
        <test-method is-config="true" signature="closeBrowser()[pri:0, instance:com.assigment.tests.Ass1Test@1caa0244]" started-at="2022-03-16T16:13:40 IST" name="closeBrowser" finished-at="2022-03-16T16:13:41 IST" duration-ms="452" status="PASS">
          <reporter-output>
          </reporter-output>
        </test-method> <!-- closeBrowser -->
      </class> <!-- com.assigment.tests.Ass1Test -->
    </test> <!-- Default test -->
  </suite> <!-- Default suite -->
</testng-results>
