<?xml version="1.0" encoding="UTF-8"?>
<testng-results ignored="0" total="1" passed="1" failed="0" skipped="0">
  <reporter-output>
  </reporter-output>
  <suite started-at="2022-03-15T16:37:28 IST" name="Suite" finished-at="2022-03-15T16:37:45 IST" duration-ms="16391">
    <groups>
    </groups>
    <test started-at="2022-03-15T16:37:28 IST" name="Test" finished-at="2022-03-15T16:37:45 IST" duration-ms="16391">
      <class name="Assignment.Ass1">
        <test-method is-config="true" signature="launchUrl()[pri:0, instance:Assignment.Ass1@14028087]" started-at="2022-03-15T16:37:28 IST" name="launchUrl" finished-at="2022-03-15T16:37:39 IST" duration-ms="10547" status="PASS">
          <reporter-output>
          </reporter-output>
        </test-method> <!-- launchUrl -->
        <test-method is-config="true" signature="setProperty()[pri:0, instance:Assignment.Ass1@14028087]" started-at="2022-03-15T16:37:39 IST" name="setProperty" finished-at="2022-03-15T16:37:39 IST" duration-ms="1" status="PASS">
          <reporter-output>
          </reporter-output>
        </test-method> <!-- setProperty -->
        <test-method signature="Guru99()[pri:0, instance:Assignment.Ass1@14028087]" started-at="2022-03-15T16:37:39 IST" name="Guru99" finished-at="2022-03-15T16:37:44 IST" duration-ms="4582" status="PASS">
          <reporter-output>
          </reporter-output>
        </test-method> <!-- Guru99 -->
        <test-method is-config="true" signature="closeBrowser()[pri:0, instance:Assignment.Ass1@14028087]" started-at="2022-03-15T16:37:44 IST" name="closeBrowser" finished-at="2022-03-15T16:37:45 IST" duration-ms="1214" status="PASS">
          <reporter-output>
          </reporter-output>
        </test-method> <!-- closeBrowser -->
      </class> <!-- Assignment.Ass1 -->
    </test> <!-- Test -->
  </suite> <!-- Suite -->
</testng-results>
